<?xml version="1.0" encoding="UTF-8"?>
<testng-results ignored="0" total="1" passed="1" failed="0" skipped="0">
  <reporter-output>
  </reporter-output>
  <suite started-at="2025-10-16T15:10:12 IST" name="Default suite" finished-at="2025-10-16T15:10:30 IST" duration-ms="18203">
    <groups>
    </groups>
    <test started-at="2025-10-16T15:10:12 IST" name="Default test" finished-at="2025-10-16T15:10:30 IST" duration-ms="18203">
      <class name="testpkg.Login_test">
        <test-method is-config="true" signature="browser_launch()[pri:0, instance:testpkg.Login_test@79079097]" started-at="2025-10-16T15:10:12 IST" name="browser_launch" finished-at="2025-10-16T15:10:15 IST" duration-ms="3337" status="PASS">
          <reporter-output>
          </reporter-output>
        </test-method> <!-- browser_launch -->
        <test-method signature="set()[pri:0, instance:testpkg.Login_test@79079097]" started-at="2025-10-16T15:10:15 IST" name="set" finished-at="2025-10-16T15:10:29 IST" duration-ms="13719" status="PASS">
          <reporter-output>
          </reporter-output>
        </test-method> <!-- set -->
        <test-method is-config="true" signature="teardown()[pri:0, instance:testpkg.Login_test@79079097]" started-at="2025-10-16T15:10:29 IST" name="teardown" finished-at="2025-10-16T15:10:30 IST" duration-ms="1069" status="PASS">
          <reporter-output>
          </reporter-output>
        </test-method> <!-- teardown -->
      </class> <!-- testpkg.Login_test -->
    </test> <!-- Default test -->
  </suite> <!-- Default suite -->
</testng-results>
